<?xml version="1.0" encoding="UTF-8"?>
<!-- Generated by org.testng.reporters.JUnitReportReporter -->
<testsuite hostname="DESKTOP-RIQHH8E" failures="0" tests="1" name="esGroupId.esArtifactId.EktaTest" time="0.010" errors="0" timestamp="05 Feb 2022 16:59:02 GMT" skipped="0">
  <testcase classname="esGroupId.esArtifactId.EktaTest" name="testMaven" time="0.010"/>
</testsuite> <!-- esGroupId.esArtifactId.EktaTest -->
