<?xml version="1.0" encoding="UTF-8"?>
<!-- Generated by org.testng.reporters.JUnitReportReporter -->
<testsuite hostname="DESKTOP-RIQHH8E" failures="0" tests="2" name="esGroupId.esArtifactId.SeleniumTestNGTest" time="0.003" errors="0" timestamp="05 Feb 2022 16:59:02 GMT" skipped="0">
  <testcase classname="esGroupId.esArtifactId.SeleniumTestNGTest" name="testMaven1" time="0.002"/>
  <testcase classname="esGroupId.esArtifactId.SeleniumTestNGTest" name="testMaven" time="0.001"/>
</testsuite> <!-- esGroupId.esArtifactId.SeleniumTestNGTest -->
